<?xml version="1.0" encoding="UTF-8"?>
<coverage generated="1720370976556" clover="3.2.0">
  <project timestamp="1720370976557" name="All files">
    <metrics statements="32" coveredstatements="31" conditionals="9" coveredconditionals="8" methods="10" coveredmethods="9" elements="51" coveredelements="48" complexity="0" loc="32" ncloc="32" packages="1" files="5" classes="5"/>
    <file name="AccordionItem.tsx" path="/home/hatrnuhn/synrgy/chapter7/ch7/src/components/AccordionItem.tsx">
      <metrics statements="13" coveredstatements="13" conditionals="5" coveredconditionals="5" methods="3" coveredmethods="3"/>
      <line num="1" count="1" type="stmt"/>
      <line num="7" count="1" type="stmt"/>
      <line num="8" count="4" type="stmt"/>
      <line num="9" count="4" type="stmt"/>
      <line num="11" count="4" type="stmt"/>
      <line num="12" count="2" type="stmt"/>
      <line num="13" count="2" type="cond" truecount="1" falsecount="0"/>
      <line num="14" count="2" type="cond" truecount="2" falsecount="0"/>
      <line num="15" count="1" type="stmt"/>
      <line num="17" count="1" type="stmt"/>
      <line num="22" count="4" type="stmt"/>
      <line num="24" count="2" type="cond" truecount="2" falsecount="0"/>
      <line num="32" count="1" type="stmt"/>
    </file>
    <file name="CarSearchResultItem.tsx" path="/home/hatrnuhn/synrgy/chapter7/ch7/src/components/CarSearchResultItem.tsx">
      <metrics statements="3" coveredstatements="3" conditionals="0" coveredconditionals="0" methods="1" coveredmethods="1"/>
      <line num="7" count="1" type="stmt"/>
      <line num="9" count="1" type="stmt"/>
      <line num="34" count="1" type="stmt"/>
    </file>
    <file name="ReviewItem.tsx" path="/home/hatrnuhn/synrgy/chapter7/ch7/src/components/ReviewItem.tsx">
      <metrics statements="10" coveredstatements="9" conditionals="4" coveredconditionals="3" methods="4" coveredmethods="3"/>
      <line num="10" count="1" type="stmt"/>
      <line num="11" count="1" type="stmt"/>
      <line num="12" count="1" type="stmt"/>
      <line num="13" count="1" type="cond" truecount="1" falsecount="1"/>
      <line num="14" count="1" type="stmt"/>
      <line num="16" count="1" type="stmt"/>
      <line num="19" count="4" type="stmt"/>
      <line num="25" count="0" type="stmt"/>
      <line num="31" count="1" type="stmt"/>
      <line num="51" count="1" type="stmt"/>
    </file>
    <file name="ServiceItem.tsx" path="/home/hatrnuhn/synrgy/chapter7/ch7/src/components/ServiceItem.tsx">
      <metrics statements="3" coveredstatements="3" conditionals="0" coveredconditionals="0" methods="1" coveredmethods="1"/>
      <line num="7" count="1" type="stmt"/>
      <line num="8" count="1" type="stmt"/>
      <line num="20" count="1" type="stmt"/>
    </file>
    <file name="WhyItem.tsx" path="/home/hatrnuhn/synrgy/chapter7/ch7/src/components/WhyItem.tsx">
      <metrics statements="3" coveredstatements="3" conditionals="0" coveredconditionals="0" methods="1" coveredmethods="1"/>
      <line num="10" count="1" type="stmt"/>
      <line num="11" count="1" type="stmt"/>
      <line num="24" count="1" type="stmt"/>
    </file>
  </project>
</coverage>
