{"/home/hatrnuhn/synrgy/chapter7/ch7/src/components/AccordionItem.tsx": {"path":"/home/hatrnuhn/synrgy/chapter7/ch7/src/components/AccordionItem.tsx","statementMap":{"0":{"start":{"line":1,"column":0},"end":{"line":1,"column":55}},"1":{"start":{"line":7,"column":45},"end":{"line":30,"column":1}},"2":{"start":{"line":8,"column":36},"end":{"line":8,"column":51}},"3":{"start":{"line":9,"column":48},"end":{"line":9,"column":60}},"4":{"start":{"line":11,"column":28},"end":{"line":20,"column":5}},"5":{"start":{"line":12,"column":8},"end":{"line":12,"column":null}},"6":{"start":{"line":13,"column":8},"end":{"line":19,"column":9}},"7":{"start":{"line":14,"column":12},"end":{"line":18,"column":13}},"8":{"start":{"line":15,"column":16},"end":{"line":15,"column":null}},"9":{"start":{"line":17,"column":16},"end":{"line":17,"column":null}},"10":{"start":{"line":22,"column":4},"end":{"line":29,"column":null}},"11":{"start":{"line":24,"column":159},"end":{"line":24,"column":176}},"12":{"start":{"line":32,"column":0},"end":{"line":32,"column":null}}},"fnMap":{"0":{"name":"(anonymous_0)","decl":{"start":{"line":7,"column":45},"end":{"line":7,"column":46}},"loc":{"start":{"line":7,"column":66},"end":{"line":30,"column":1}}},"1":{"name":"(anonymous_1)","decl":{"start":{"line":11,"column":28},"end":{"line":11,"column":31}},"loc":{"start":{"line":11,"column":33},"end":{"line":20,"column":5}}},"2":{"name":"(anonymous_2)","decl":{"start":{"line":24,"column":153},"end":{"line":24,"column":156}},"loc":{"start":{"line":24,"column":159},"end":{"line":24,"column":176}}}},"branchMap":{"0":{"loc":{"start":{"line":13,"column":8},"end":{"line":19,"column":9}},"type":"if","locations":[{"start":{"line":13,"column":8},"end":{"line":19,"column":9}}]},"1":{"loc":{"start":{"line":14,"column":12},"end":{"line":18,"column":13}},"type":"if","locations":[{"start":{"line":14,"column":12},"end":{"line":18,"column":13}},{"start":{"line":16,"column":19},"end":{"line":18,"column":13}}]},"2":{"loc":{"start":{"line":24,"column":116},"end":{"line":24,"column":140}},"type":"cond-expr","locations":[{"start":{"line":24,"column":127},"end":{"line":24,"column":135}},{"start":{"line":24,"column":138},"end":{"line":24,"column":140}}]}},"s":{"0":1,"1":1,"2":4,"3":4,"4":4,"5":2,"6":2,"7":2,"8":1,"9":1,"10":4,"11":2,"12":1},"f":{"0":4,"1":2,"2":2},"b":{"0":[2],"1":[1,1],"2":[1,3]}}
,"/home/hatrnuhn/synrgy/chapter7/ch7/src/components/CarSearchResultItem.tsx": {"path":"/home/hatrnuhn/synrgy/chapter7/ch7/src/components/CarSearchResultItem.tsx","statementMap":{"0":{"start":{"line":7,"column":58},"end":{"line":32,"column":1}},"1":{"start":{"line":9,"column":4},"end":{"line":31,"column":null}},"2":{"start":{"line":34,"column":0},"end":{"line":34,"column":null}}},"fnMap":{"0":{"name":"(anonymous_0)","decl":{"start":{"line":7,"column":58},"end":{"line":7,"column":59}},"loc":{"start":{"line":7,"column":70},"end":{"line":32,"column":1}}}},"branchMap":{},"s":{"0":1,"1":1,"2":1},"f":{"0":1},"b":{}}
,"/home/hatrnuhn/synrgy/chapter7/ch7/src/components/ReviewItem.tsx": {"path":"/home/hatrnuhn/synrgy/chapter7/ch7/src/components/ReviewItem.tsx","statementMap":{"0":{"start":{"line":10,"column":40},"end":{"line":49,"column":1}},"1":{"start":{"line":11,"column":24},"end":{"line":29,"column":5}},"2":{"start":{"line":12,"column":28},"end":{"line":12,"column":45}},"3":{"start":{"line":13,"column":26},"end":{"line":13,"column":49}},"4":{"start":{"line":14,"column":27},"end":{"line":14,"column":54}},"5":{"start":{"line":16,"column":8},"end":{"line":28,"column":null}},"6":{"start":{"line":19,"column":20},"end":{"line":19,"column":45}},"7":{"start":{"line":25,"column":20},"end":{"line":25,"column":44}},"8":{"start":{"line":31,"column":4},"end":{"line":48,"column":null}},"9":{"start":{"line":51,"column":0},"end":{"line":51,"column":null}}},"fnMap":{"0":{"name":"(anonymous_0)","decl":{"start":{"line":10,"column":40},"end":{"line":10,"column":41}},"loc":{"start":{"line":10,"column":71},"end":{"line":49,"column":1}}},"1":{"name":"(anonymous_1)","decl":{"start":{"line":11,"column":24},"end":{"line":11,"column":25}},"loc":{"start":{"line":11,"column":42},"end":{"line":29,"column":5}}},"2":{"name":"(anonymous_2)","decl":{"start":{"line":18,"column":45},"end":{"line":18,"column":46}},"loc":{"start":{"line":19,"column":20},"end":{"line":19,"column":45}}},"3":{"name":"(anonymous_3)","decl":{"start":{"line":24,"column":44},"end":{"line":24,"column":45}},"loc":{"start":{"line":25,"column":20},"end":{"line":25,"column":44}}}},"branchMap":{"0":{"loc":{"start":{"line":13,"column":26},"end":{"line":13,"column":49}},"type":"cond-expr","locations":[{"start":{"line":13,"column":44},"end":{"line":13,"column":45}},{"start":{"line":13,"column":48},"end":{"line":13,"column":49}}]},"1":{"loc":{"start":{"line":21,"column":17},"end":{"line":22,"column":null}},"type":"binary-expr","locations":[{"start":{"line":21,"column":17},"end":{"line":21,"column":32}},{"start":{"line":22,"column":20},"end":{"line":22,"column":79}}]}},"s":{"0":1,"1":1,"2":1,"3":1,"4":1,"5":1,"6":4,"7":0,"8":1,"9":1},"f":{"0":1,"1":1,"2":4,"3":0},"b":{"0":[1,0],"1":[1,1]}}
,"/home/hatrnuhn/synrgy/chapter7/ch7/src/components/ServiceItem.tsx": {"path":"/home/hatrnuhn/synrgy/chapter7/ch7/src/components/ServiceItem.tsx","statementMap":{"0":{"start":{"line":7,"column":41},"end":{"line":18,"column":1}},"1":{"start":{"line":8,"column":4},"end":{"line":17,"column":null}},"2":{"start":{"line":20,"column":0},"end":{"line":20,"column":null}}},"fnMap":{"0":{"name":"(anonymous_0)","decl":{"start":{"line":7,"column":41},"end":{"line":7,"column":42}},"loc":{"start":{"line":7,"column":55},"end":{"line":18,"column":1}}}},"branchMap":{},"s":{"0":1,"1":1,"2":1},"f":{"0":1},"b":{}}
,"/home/hatrnuhn/synrgy/chapter7/ch7/src/components/WhyItem.tsx": {"path":"/home/hatrnuhn/synrgy/chapter7/ch7/src/components/WhyItem.tsx","statementMap":{"0":{"start":{"line":10,"column":34},"end":{"line":22,"column":1}},"1":{"start":{"line":11,"column":4},"end":{"line":21,"column":null}},"2":{"start":{"line":24,"column":0},"end":{"line":24,"column":null}}},"fnMap":{"0":{"name":"(anonymous_0)","decl":{"start":{"line":10,"column":34},"end":{"line":10,"column":35}},"loc":{"start":{"line":10,"column":64},"end":{"line":22,"column":1}}}},"branchMap":{},"s":{"0":1,"1":1,"2":1},"f":{"0":1},"b":{}}
}
